<?xml version="1.0" encoding="UTF-8"?>
<!-- Generated by org.testng.reporters.JUnitReportReporter -->
<testsuite hostname="jeeveslaptop" failures="0" tests="1" name="Manufacturersage" time="1.171" errors="0" timestamp="2022-11-29T10:57:00 IST" skipped="0">
  <testcase classname="Manufacturersage" name="database" time="1.171"/>
  <system-out/>
</testsuite> <!-- Manufacturersage -->
