<?xml version="1.0" encoding="UTF-8"?>
<!-- Generated by org.testng.reporters.JUnitReportReporter -->
<testsuite hostname="jeeveslaptop" failures="0" tests="1" name="AvactisTestCases.ManageCategoriesTest" time="38.870" errors="0" timestamp="2022-11-25T15:44:23 IST" skipped="0">
  <testcase classname="AvactisTestCases.ManageCategoriesTest" name="createSubCategory" time="38.870"/>
  <system-out/>
</testsuite> <!-- AvactisTestCases.ManageCategoriesTest -->
