<?xml version="1.0" encoding="UTF-8"?>
<!-- Generated by org.testng.reporters.JUnitReportReporter -->
<testsuite hostname="jeeveslaptop" failures="0" tests="1" name="AvactisTestCases.ReviewTest" time="41.866" errors="0" timestamp="2022-11-25T15:44:23 IST" skipped="0">
  <testcase classname="AvactisTestCases.ReviewTest" name="SearchReview" time="41.866"/>
  <system-out/>
</testsuite> <!-- AvactisTestCases.ReviewTest -->
