<?xml version="1.0" encoding="UTF-8"?>
<!-- Generated by org.testng.reporters.JUnitReportReporter -->
<testsuite hostname="jeeveslaptop" failures="0" tests="2" name="AvactisTestCases.ManageProductsTest" time="43.180" errors="0" timestamp="2022-11-25T15:44:23 IST" skipped="0">
  <testcase classname="AvactisTestCases.ManageProductsTest" name="AddProduct" time="41.836"/>
  <system-out/>
  <testcase classname="AvactisTestCases.ManageProductsTest" name="MoveProduct" time="1.344"/>
  <system-out/>
</testsuite> <!-- AvactisTestCases.ManageProductsTest -->
