<?xml version="1.0" encoding="UTF-8"?>
<!-- Generated by org.testng.reporters.JUnitReportReporter -->
<testsuite hostname="jeeveslaptop" failures="0" tests="1" name="Finding_Brokenlinks" time="15.357" errors="0" timestamp="2022-11-30T10:47:47 IST" skipped="0">
  <testcase classname="Finding_Brokenlinks" name="findBrokenLinks" time="15.357"/>
  <system-out/>
</testsuite> <!-- Finding_Brokenlinks -->
